<?xml version="1.0" encoding="UTF-8"?>
<coverage generated="1665282622046" clover="3.2.0">
  <project timestamp="1665282622046" name="All files">
    <metrics statements="7" coveredstatements="7" conditionals="2" coveredconditionals="2" methods="2" coveredmethods="1" elements="11" coveredelements="10" complexity="0" loc="7" ncloc="7" packages="1" files="2" classes="2"/>
    <file name="mew.js" path="/workspace/JS-Testing-With-Jest/mew.js">
      <metrics statements="2" coveredstatements="2" conditionals="0" coveredconditionals="0" methods="1" coveredmethods="0"/>
      <line num="1" count="1" type="stmt"/>
      <line num="3" count="1" type="stmt"/>
    </file>
    <file name="woof.js" path="/workspace/JS-Testing-With-Jest/woof.js">
      <metrics statements="5" coveredstatements="5" conditionals="2" coveredconditionals="2" methods="1" coveredmethods="1"/>
      <line num="2" count="2" type="cond" truecount="2" falsecount="0"/>
      <line num="3" count="1" type="stmt"/>
      <line num="5" count="1" type="stmt"/>
      <line num="6" count="1" type="stmt"/>
      <line num="9" count="1" type="stmt"/>
    </file>
  </project>
</coverage>
